17.12.2023 01:01:42 [INFO] autoreload Watching for file changes with StatReloader
17.12.2023 01:02:00 [INFO] autoreload Watching for file changes with StatReloader
17.12.2023 01:03:35 [INFO] autoreload Watching for file changes with StatReloader
17.12.2023 01:05:45 [INFO] autoreload Watching for file changes with StatReloader
22.12.2023 20:41:55 [INFO] autoreload Watching for file changes with StatReloader
22.12.2023 21:25:15 [INFO] autoreload Watching for file changes with StatReloader
25.12.2023 17:27:14 [INFO] autoreload Watching for file changes with StatReloader
25.12.2023 17:36:06 [INFO] autoreload C:\Users\user\projects\Skillfactory\Project News Portal\News_Portal\news\models.py changed, reloading.
25.12.2023 17:36:06 [INFO] autoreload Watching for file changes with StatReloader
25.12.2023 17:36:08 [INFO] autoreload C:\Users\user\projects\Skillfactory\Project News Portal\News_Portal\news\models.py changed, reloading.
25.12.2023 17:36:09 [INFO] autoreload Watching for file changes with StatReloader
25.12.2023 17:37:16 [INFO] autoreload Watching for file changes with StatReloader
25.12.2023 20:24:47 [INFO] autoreload C:\Users\user\projects\Skillfactory\Project News Portal\News_Portal\news\urls.py changed, reloading.
25.12.2023 20:24:49 [INFO] autoreload Watching for file changes with StatReloader
25.12.2023 20:29:33 [INFO] autoreload C:\Users\user\projects\Skillfactory\Project News Portal\News_Portal\news\urls.py changed, reloading.
25.12.2023 20:29:34 [INFO] autoreload Watching for file changes with StatReloader
25.12.2023 20:30:14 [INFO] autoreload Watching for file changes with StatReloader
25.12.2023 20:30:21 [INFO] autoreload C:\Users\user\projects\Skillfactory\Project News Portal\News_Portal\news\urls.py changed, reloading.
25.12.2023 20:30:22 [INFO] autoreload Watching for file changes with StatReloader
25.12.2023 20:35:38 [INFO] autoreload Watching for file changes with StatReloader
25.12.2023 20:39:10 [INFO] autoreload Watching for file changes with StatReloader
25.12.2023 20:41:34 [INFO] autoreload Watching for file changes with StatReloader
25.12.2023 20:44:32 [INFO] autoreload Watching for file changes with StatReloader
25.12.2023 20:46:24 [INFO] autoreload Watching for file changes with StatReloader
25.12.2023 21:11:44 [INFO] autoreload Watching for file changes with StatReloader
25.12.2023 21:12:44 [INFO] autoreload Watching for file changes with StatReloader
25.12.2023 21:13:33 [INFO] autoreload Watching for file changes with StatReloader
25.12.2023 21:22:14 [INFO] autoreload Watching for file changes with StatReloader
25.12.2023 21:22:33 [INFO] autoreload C:\Users\user\projects\Skillfactory\Project News Portal\News_Portal\News_Portal\settings.py changed, reloading.
25.12.2023 21:22:34 [INFO] autoreload Watching for file changes with StatReloader
25.12.2023 21:22:53 [INFO] autoreload Watching for file changes with StatReloader
25.12.2023 21:23:48 [INFO] autoreload C:\Users\user\projects\Skillfactory\Project News Portal\News_Portal\news\translation.py changed, reloading.
25.12.2023 21:23:49 [INFO] autoreload Watching for file changes with StatReloader
25.12.2023 21:25:35 [INFO] autoreload C:\Users\user\projects\Skillfactory\Project News Portal\News_Portal\news\translation.py changed, reloading.
25.12.2023 21:25:36 [INFO] autoreload Watching for file changes with StatReloader
25.12.2023 21:25:47 [INFO] autoreload C:\Users\user\projects\Skillfactory\Project News Portal\News_Portal\news\admin.py changed, reloading.
25.12.2023 21:25:49 [INFO] autoreload Watching for file changes with StatReloader
25.12.2023 21:32:27 [INFO] autoreload Watching for file changes with StatReloader
25.12.2023 21:34:18 [INFO] autoreload Watching for file changes with StatReloader
25.12.2023 21:43:43 [INFO] autoreload Watching for file changes with StatReloader
25.12.2023 21:45:41 [INFO] autoreload Watching for file changes with StatReloader
25.12.2023 22:15:34 [INFO] autoreload Watching for file changes with StatReloader
25.12.2023 22:17:13 [INFO] autoreload C:\Users\user\projects\Skillfactory\Project News Portal\News_Portal\news\views.py changed, reloading.
25.12.2023 22:17:14 [INFO] autoreload Watching for file changes with StatReloader
25.12.2023 22:17:31 [INFO] autoreload C:\Users\user\projects\Skillfactory\Project News Portal\News_Portal\news\views.py changed, reloading.
25.12.2023 22:17:32 [INFO] autoreload Watching for file changes with StatReloader
25.12.2023 22:17:45 [INFO] autoreload C:\Users\user\projects\Skillfactory\Project News Portal\News_Portal\news\views.py changed, reloading.
25.12.2023 22:17:46 [INFO] autoreload Watching for file changes with StatReloader
25.12.2023 22:19:20 [INFO] autoreload C:\Users\user\projects\Skillfactory\Project News Portal\News_Portal\news\views.py changed, reloading.
25.12.2023 22:19:21 [INFO] autoreload Watching for file changes with StatReloader
25.12.2023 22:20:40 [INFO] autoreload C:\Users\user\projects\Skillfactory\Project News Portal\News_Portal\news\views.py changed, reloading.
25.12.2023 22:20:41 [INFO] autoreload Watching for file changes with StatReloader
25.12.2023 22:20:54 [INFO] autoreload Watching for file changes with StatReloader
25.12.2023 22:26:13 [INFO] autoreload C:\Users\user\projects\Skillfactory\Project News Portal\News_Portal\news\views.py changed, reloading.
25.12.2023 22:26:14 [INFO] autoreload Watching for file changes with StatReloader
25.12.2023 22:38:34 [INFO] autoreload Watching for file changes with StatReloader
25.12.2023 22:40:03 [INFO] autoreload Watching for file changes with StatReloader
25.12.2023 22:45:08 [INFO] autoreload Watching for file changes with StatReloader
25.12.2023 22:56:39 [INFO] autoreload Watching for file changes with StatReloader
25.12.2023 22:58:58 [INFO] autoreload Watching for file changes with StatReloader
25.12.2023 22:59:45 [INFO] autoreload Watching for file changes with StatReloader
25.12.2023 23:11:45 [INFO] autoreload Watching for file changes with StatReloader
25.12.2023 23:14:28 [INFO] autoreload Watching for file changes with StatReloader
25.12.2023 23:19:51 [INFO] autoreload Watching for file changes with StatReloader
25.12.2023 23:22:47 [INFO] autoreload Watching for file changes with StatReloader
25.12.2023 23:28:25 [INFO] autoreload Watching for file changes with StatReloader
25.12.2023 23:30:40 [INFO] autoreload Watching for file changes with StatReloader
25.12.2023 23:31:07 [INFO] autoreload Watching for file changes with StatReloader
25.12.2023 23:33:12 [INFO] autoreload Watching for file changes with StatReloader
25.12.2023 23:35:31 [INFO] autoreload Watching for file changes with StatReloader
25.12.2023 23:39:53 [INFO] autoreload Watching for file changes with StatReloader
25.12.2023 23:40:16 [INFO] autoreload Watching for file changes with StatReloader
25.12.2023 23:46:22 [INFO] autoreload C:\Users\user\projects\Skillfactory\Project News Portal\News_Portal\news\views.py changed, reloading.
25.12.2023 23:46:23 [INFO] autoreload Watching for file changes with StatReloader
25.12.2023 23:49:06 [INFO] autoreload C:\Users\user\projects\Skillfactory\Project News Portal\News_Portal\news\views.py changed, reloading.
25.12.2023 23:49:07 [INFO] autoreload Watching for file changes with StatReloader
25.12.2023 23:49:33 [INFO] autoreload C:\Users\user\projects\Skillfactory\Project News Portal\News_Portal\news\views.py changed, reloading.
25.12.2023 23:49:34 [INFO] autoreload Watching for file changes with StatReloader
25.12.2023 23:50:13 [INFO] autoreload Watching for file changes with StatReloader
25.12.2023 23:50:38 [INFO] autoreload Watching for file changes with StatReloader
25.12.2023 23:51:39 [INFO] autoreload Watching for file changes with StatReloader
25.12.2023 23:55:38 [INFO] autoreload C:\Users\user\projects\Skillfactory\Project News Portal\News_Portal\news\views.py changed, reloading.
25.12.2023 23:55:39 [INFO] autoreload Watching for file changes with StatReloader
25.12.2023 23:56:05 [INFO] autoreload Watching for file changes with StatReloader
26.12.2023 00:07:31 [INFO] autoreload Watching for file changes with StatReloader
26.12.2023 00:09:13 [INFO] autoreload Watching for file changes with StatReloader
26.12.2023 00:10:01 [INFO] autoreload Watching for file changes with StatReloader
26.12.2023 00:18:48 [INFO] autoreload C:\Users\user\projects\Skillfactory\Project News Portal\News_Portal\News_Portal\settings.py changed, reloading.
26.12.2023 00:18:49 [INFO] autoreload Watching for file changes with StatReloader
26.12.2023 00:19:34 [INFO] autoreload C:\Users\user\projects\Skillfactory\Project News Portal\News_Portal\news\views.py changed, reloading.
26.12.2023 00:19:35 [INFO] autoreload Watching for file changes with StatReloader
26.12.2023 00:23:16 [INFO] autoreload C:\Users\user\projects\Skillfactory\Project News Portal\News_Portal\news\views.py changed, reloading.
26.12.2023 00:23:17 [INFO] autoreload Watching for file changes with StatReloader
26.12.2023 00:25:57 [INFO] autoreload C:\Users\user\projects\Skillfactory\Project News Portal\News_Portal\news\views.py changed, reloading.
26.12.2023 00:25:58 [INFO] autoreload Watching for file changes with StatReloader
26.12.2023 00:28:50 [INFO] autoreload C:\Users\user\projects\Skillfactory\Project News Portal\News_Portal\news\views.py changed, reloading.
26.12.2023 00:28:51 [INFO] autoreload Watching for file changes with StatReloader
26.12.2023 00:29:20 [INFO] autoreload C:\Users\user\projects\Skillfactory\Project News Portal\News_Portal\news\views.py changed, reloading.
26.12.2023 00:29:20 [INFO] autoreload Watching for file changes with StatReloader
26.12.2023 00:31:32 [INFO] autoreload C:\Users\user\projects\Skillfactory\Project News Portal\News_Portal\news\views.py changed, reloading.
26.12.2023 00:31:33 [INFO] autoreload Watching for file changes with StatReloader
26.12.2023 00:49:54 [INFO] autoreload C:\Users\user\projects\Skillfactory\Project News Portal\News_Portal\news\views.py changed, reloading.
26.12.2023 00:49:55 [INFO] autoreload Watching for file changes with StatReloader
26.12.2023 00:50:42 [INFO] autoreload C:\Users\user\projects\Skillfactory\Project News Portal\News_Portal\news\views.py changed, reloading.
26.12.2023 00:51:45 [INFO] autoreload Watching for file changes with StatReloader
26.12.2023 00:52:14 [INFO] autoreload Watching for file changes with StatReloader
26.12.2023 00:58:31 [INFO] autoreload Watching for file changes with StatReloader
26.12.2023 01:00:42 [INFO] autoreload Watching for file changes with StatReloader
26.12.2023 01:02:09 [INFO] autoreload C:\Users\user\projects\Skillfactory\Project News Portal\News_Portal\news\views.py changed, reloading.
26.12.2023 01:02:10 [INFO] autoreload Watching for file changes with StatReloader
26.12.2023 01:03:29 [INFO] autoreload C:\Users\user\projects\Skillfactory\Project News Portal\News_Portal\news\views.py changed, reloading.
26.12.2023 01:03:30 [INFO] autoreload Watching for file changes with StatReloader
26.12.2023 01:04:07 [INFO] autoreload C:\Users\user\projects\Skillfactory\Project News Portal\News_Portal\news\views.py changed, reloading.
26.12.2023 01:04:08 [INFO] autoreload Watching for file changes with StatReloader
26.12.2023 01:08:01 [INFO] autoreload C:\Users\user\projects\Skillfactory\Project News Portal\News_Portal\news\views.py changed, reloading.
26.12.2023 01:08:02 [INFO] autoreload Watching for file changes with StatReloader
26.12.2023 01:10:03 [INFO] autoreload C:\Users\user\projects\Skillfactory\Project News Portal\News_Portal\news\views.py changed, reloading.
26.12.2023 01:10:04 [INFO] autoreload Watching for file changes with StatReloader
26.12.2023 01:17:04 [INFO] autoreload Watching for file changes with StatReloader
26.12.2023 01:18:42 [INFO] autoreload C:\Users\user\projects\Skillfactory\Project News Portal\News_Portal\news\views.py changed, reloading.
26.12.2023 01:18:43 [INFO] autoreload Watching for file changes with StatReloader
26.12.2023 01:23:55 [INFO] autoreload C:\Users\user\projects\Skillfactory\Project News Portal\News_Portal\news\views.py changed, reloading.
26.12.2023 01:23:56 [INFO] autoreload Watching for file changes with StatReloader
26.12.2023 01:24:23 [INFO] autoreload C:\Users\user\projects\Skillfactory\Project News Portal\News_Portal\news\views.py changed, reloading.
26.12.2023 01:24:24 [INFO] autoreload Watching for file changes with StatReloader
26.12.2023 01:24:41 [INFO] autoreload C:\Users\user\projects\Skillfactory\Project News Portal\News_Portal\news\views.py changed, reloading.
26.12.2023 01:24:42 [INFO] autoreload Watching for file changes with StatReloader
26.12.2023 01:25:43 [INFO] autoreload Watching for file changes with StatReloader
26.12.2023 01:26:56 [INFO] autoreload Watching for file changes with StatReloader
26.12.2023 01:28:40 [INFO] autoreload C:\Users\user\projects\Skillfactory\Project News Portal\News_Portal\news\views.py changed, reloading.
26.12.2023 01:28:40 [INFO] autoreload Watching for file changes with StatReloader
26.12.2023 01:30:34 [INFO] autoreload Watching for file changes with StatReloader
26.12.2023 01:31:28 [INFO] autoreload C:\Users\user\projects\Skillfactory\Project News Portal\News_Portal\news\views.py changed, reloading.
26.12.2023 01:31:29 [INFO] autoreload Watching for file changes with StatReloader
26.12.2023 01:32:54 [INFO] autoreload C:\Users\user\projects\Skillfactory\Project News Portal\News_Portal\news\views.py changed, reloading.
26.12.2023 01:32:55 [INFO] autoreload Watching for file changes with StatReloader
26.12.2023 01:33:08 [INFO] autoreload C:\Users\user\projects\Skillfactory\Project News Portal\News_Portal\news\views.py changed, reloading.
26.12.2023 01:33:09 [INFO] autoreload Watching for file changes with StatReloader
26.12.2023 01:33:41 [INFO] autoreload C:\Users\user\projects\Skillfactory\Project News Portal\News_Portal\news\views.py changed, reloading.
26.12.2023 01:33:42 [INFO] autoreload Watching for file changes with StatReloader
26.12.2023 01:35:30 [INFO] autoreload C:\Users\user\projects\Skillfactory\Project News Portal\News_Portal\news\views.py changed, reloading.
26.12.2023 01:35:31 [INFO] autoreload Watching for file changes with StatReloader
26.12.2023 01:35:49 [INFO] autoreload C:\Users\user\projects\Skillfactory\Project News Portal\News_Portal\news\views.py changed, reloading.
26.12.2023 01:35:50 [INFO] autoreload Watching for file changes with StatReloader
26.12.2023 01:36:16 [INFO] autoreload C:\Users\user\projects\Skillfactory\Project News Portal\News_Portal\news\views.py changed, reloading.
26.12.2023 01:36:17 [INFO] autoreload Watching for file changes with StatReloader
26.12.2023 01:37:41 [INFO] autoreload C:\Users\user\projects\Skillfactory\Project News Portal\News_Portal\news\views.py changed, reloading.
26.12.2023 01:37:42 [INFO] autoreload Watching for file changes with StatReloader
26.12.2023 01:44:27 [INFO] autoreload C:\Users\user\projects\Skillfactory\Project News Portal\News_Portal\news\views.py changed, reloading.
26.12.2023 01:44:28 [INFO] autoreload Watching for file changes with StatReloader
26.12.2023 01:45:36 [INFO] autoreload C:\Users\user\projects\Skillfactory\Project News Portal\News_Portal\news\views.py changed, reloading.
26.12.2023 01:45:37 [INFO] autoreload Watching for file changes with StatReloader
26.12.2023 01:46:10 [INFO] autoreload C:\Users\user\projects\Skillfactory\Project News Portal\News_Portal\news\views.py changed, reloading.
26.12.2023 01:46:11 [INFO] autoreload Watching for file changes with StatReloader
01.01.2024 22:52:44 [INFO] autoreload Watching for file changes with StatReloader
02.01.2024 22:17:41 [INFO] autoreload Watching for file changes with StatReloader
02.01.2024 22:19:47 [INFO] autoreload C:\Users\user\projects\Skillfactory\Project News Portal\News_Portal\News_Portal\urls.py changed, reloading.
02.01.2024 22:19:48 [INFO] autoreload Watching for file changes with StatReloader
02.01.2024 22:21:00 [INFO] autoreload Watching for file changes with StatReloader
02.01.2024 22:23:33 [INFO] autoreload C:\Users\user\projects\Skillfactory\Project News Portal\News_Portal\news\urls.py changed, reloading.
02.01.2024 22:23:34 [INFO] autoreload Watching for file changes with StatReloader
02.01.2024 22:24:26 [INFO] autoreload C:\Users\user\projects\Skillfactory\Project News Portal\News_Portal\News_Portal\urls.py changed, reloading.
02.01.2024 22:24:27 [INFO] autoreload Watching for file changes with StatReloader
02.01.2024 22:25:09 [INFO] autoreload C:\Users\user\projects\Skillfactory\Project News Portal\News_Portal\News_Portal\urls.py changed, reloading.
02.01.2024 22:25:10 [INFO] autoreload Watching for file changes with StatReloader
02.01.2024 22:25:26 [INFO] autoreload C:\Users\user\projects\Skillfactory\Project News Portal\News_Portal\News_Portal\urls.py changed, reloading.
02.01.2024 22:25:27 [INFO] autoreload Watching for file changes with StatReloader
02.01.2024 22:26:02 [INFO] autoreload C:\Users\user\projects\Skillfactory\Project News Portal\News_Portal\News_Portal\urls.py changed, reloading.
02.01.2024 22:26:04 [INFO] autoreload Watching for file changes with StatReloader
02.01.2024 23:09:30 [INFO] autoreload Watching for file changes with StatReloader
03.01.2024 15:45:32 [INFO] autoreload Watching for file changes with StatReloader
03.01.2024 15:45:43 [INFO] autoreload C:\Users\user\projects\Skillfactory\Project News Portal\News_Portal\News_Portal\settings.py changed, reloading.
03.01.2024 15:45:44 [INFO] autoreload Watching for file changes with StatReloader
03.01.2024 15:51:29 [INFO] autoreload Watching for file changes with StatReloader
03.01.2024 15:56:23 [INFO] autoreload Watching for file changes with StatReloader
03.01.2024 15:59:02 [INFO] autoreload Watching for file changes with StatReloader
03.01.2024 16:07:43 [INFO] autoreload Watching for file changes with StatReloader
03.01.2024 16:08:02 [INFO] autoreload Watching for file changes with StatReloader
03.01.2024 16:09:56 [INFO] autoreload Watching for file changes with StatReloader
03.01.2024 16:32:51 [INFO] autoreload Watching for file changes with StatReloader
03.01.2024 16:43:53 [INFO] autoreload Watching for file changes with StatReloader
03.01.2024 16:45:24 [INFO] autoreload C:\Users\user\projects\Skillfactory\Project News Portal\News_Portal\news\urls.py changed, reloading.
03.01.2024 16:45:25 [INFO] autoreload Watching for file changes with StatReloader
03.01.2024 16:46:45 [INFO] autoreload Watching for file changes with StatReloader
03.01.2024 16:49:06 [INFO] autoreload C:\Users\user\projects\Skillfactory\Project News Portal\News_Portal\News_Portal\settings.py changed, reloading.
03.01.2024 16:49:07 [INFO] autoreload Watching for file changes with StatReloader
03.01.2024 16:49:20 [INFO] autoreload C:\Users\user\projects\Skillfactory\Project News Portal\News_Portal\News_Portal\settings.py changed, reloading.
03.01.2024 16:49:21 [INFO] autoreload Watching for file changes with StatReloader
03.01.2024 16:54:32 [INFO] autoreload C:\Users\user\projects\Skillfactory\Project News Portal\News_Portal\news\urls.py changed, reloading.
03.01.2024 16:54:33 [INFO] autoreload Watching for file changes with StatReloader
03.01.2024 16:55:49 [INFO] autoreload Watching for file changes with StatReloader
03.01.2024 16:57:25 [INFO] autoreload C:\Users\user\projects\Skillfactory\Project News Portal\News_Portal\news\urls.py changed, reloading.
03.01.2024 16:57:26 [INFO] autoreload Watching for file changes with StatReloader
03.01.2024 16:58:01 [INFO] autoreload C:\Users\user\projects\Skillfactory\Project News Portal\News_Portal\news\urls.py changed, reloading.
03.01.2024 16:58:02 [INFO] autoreload Watching for file changes with StatReloader
03.01.2024 16:58:16 [INFO] autoreload Watching for file changes with StatReloader
03.01.2024 17:00:44 [INFO] autoreload Watching for file changes with StatReloader
03.01.2024 17:01:45 [INFO] autoreload C:\Users\user\projects\Skillfactory\Project News Portal\News_Portal\news\serializers.py changed, reloading.
03.01.2024 17:01:46 [INFO] autoreload Watching for file changes with StatReloader
03.01.2024 17:02:01 [INFO] autoreload C:\Users\user\projects\Skillfactory\Project News Portal\News_Portal\News_Portal\urls.py changed, reloading.
03.01.2024 17:02:02 [INFO] autoreload Watching for file changes with StatReloader
03.01.2024 17:02:07 [INFO] autoreload C:\Users\user\projects\Skillfactory\Project News Portal\News_Portal\News_Portal\urls.py changed, reloading.
03.01.2024 17:02:08 [INFO] autoreload Watching for file changes with StatReloader
03.01.2024 17:08:40 [INFO] autoreload C:\Users\user\projects\Skillfactory\Project News Portal\News_Portal\News_Portal\urls.py changed, reloading.
03.01.2024 17:08:41 [INFO] autoreload Watching for file changes with StatReloader
03.01.2024 17:12:39 [INFO] autoreload Watching for file changes with StatReloader
